[31-May-2018 14:29:28] NOTICE: fpm is running, pid 15777
[31-May-2018 14:29:28] NOTICE: ready to handle connections
[27-Jun-2018 22:21:11] NOTICE: fpm is running, pid 21665
[27-Jun-2018 22:21:11] NOTICE: ready to handle connections
[27-Jun-2018 22:35:31] NOTICE: fpm is running, pid 24186
[27-Jun-2018 22:35:31] NOTICE: ready to handle connections
[28-Jun-2018 11:39:21] NOTICE: fpm is running, pid 26719
[28-Jun-2018 11:39:21] NOTICE: ready to handle connections
[28-Jun-2018 13:57:52] NOTICE: Terminating ...
[28-Jun-2018 13:57:52] NOTICE: exiting, bye-bye!
[28-Jun-2018 13:58:06] NOTICE: fpm is running, pid 933
[28-Jun-2018 13:58:06] NOTICE: ready to handle connections
[26-Sep-2018 19:06:42] NOTICE: fpm is running, pid 1278
[26-Sep-2018 19:06:42] NOTICE: ready to handle connections
[19-Oct-2018 07:45:34] NOTICE: fpm is running, pid 25695
[19-Oct-2018 07:45:34] NOTICE: ready to handle connections
[19-Oct-2018 07:45:41] NOTICE: Terminating ...
[19-Oct-2018 07:45:41] NOTICE: exiting, bye-bye!
[19-Oct-2018 07:45:41] NOTICE: fpm is running, pid 25887
[19-Oct-2018 07:45:41] NOTICE: ready to handle connections
[19-Oct-2018 07:45:42] NOTICE: Terminating ...
[19-Oct-2018 07:45:42] NOTICE: exiting, bye-bye!
[19-Oct-2018 07:45:42] NOTICE: fpm is running, pid 25935
[19-Oct-2018 07:45:42] NOTICE: ready to handle connections
[16-Apr-2019 07:45:32] NOTICE: fpm is running, pid 11740
[16-Apr-2019 07:45:32] NOTICE: ready to handle connections
[16-Apr-2019 07:45:39] NOTICE: Terminating ...
[16-Apr-2019 07:45:39] NOTICE: exiting, bye-bye!
[16-Apr-2019 07:45:39] NOTICE: fpm is running, pid 11953
[16-Apr-2019 07:45:39] NOTICE: ready to handle connections
[16-Apr-2019 07:45:40] NOTICE: Terminating ...
[16-Apr-2019 07:45:40] NOTICE: exiting, bye-bye!
[16-Apr-2019 07:45:40] NOTICE: fpm is running, pid 12002
[16-Apr-2019 07:45:40] NOTICE: ready to handle connections
[17-Aug-2019 07:45:49] NOTICE: fpm is running, pid 684
[17-Aug-2019 07:45:49] NOTICE: ready to handle connections
[17-Aug-2019 07:45:56] NOTICE: Terminating ...
[17-Aug-2019 07:45:56] NOTICE: exiting, bye-bye!
[17-Aug-2019 07:45:56] NOTICE: fpm is running, pid 934
[17-Aug-2019 07:45:56] NOTICE: ready to handle connections
[17-Aug-2019 07:45:57] NOTICE: Terminating ...
[17-Aug-2019 07:45:57] NOTICE: exiting, bye-bye!
[17-Aug-2019 07:45:57] NOTICE: fpm is running, pid 974
[17-Aug-2019 07:45:57] NOTICE: ready to handle connections
[03-Dec-2019 21:58:21] NOTICE: fpm is running, pid 7076
[03-Dec-2019 21:58:21] NOTICE: ready to handle connections
[12-Dec-2019 20:56:22] WARNING: [pool www] server reached pm.max_children setting (5), consider raising it
[12-Dec-2019 20:59:08] WARNING: [pool www] server reached pm.max_children setting (5), consider raising it
