ID='103' DATE='2019-12-12' TIME='21:14:18' CMD='deleted dns domain testfwscore.vn' UNDO='no'
ID='104' DATE='2019-12-12' TIME='21:14:18' CMD='deleted mail domain testfwscore.vn' UNDO='no'
ID='105' DATE='2019-12-12' TIME='21:22:06' CMD='added php-fpm backend configuration for testfwscore.vn' UNDO='no'
ID='106' DATE='2019-12-12' TIME='21:22:06' CMD='added web domain testfwscore.vn' UNDO='no'
ID='107' DATE='2019-12-12' TIME='21:22:06' CMD='added dns domain testfwscore.vn' UNDO='no'
ID='108' DATE='2019-12-12' TIME='21:22:07' CMD='added TXT dns record _domainkey for testfwscore.vn' UNDO='no'
ID='109' DATE='2019-12-12' TIME='21:22:07' CMD='added TXT dns record mail._domainkey for testfwscore.vn' UNDO='no'
ID='110' DATE='2019-12-12' TIME='21:22:06' CMD='added mail domain testfwscore.vn' UNDO='no'
ID='111' DATE='2019-12-12' TIME='21:41:55' CMD='added php-fpm backend configuration for django1.com' UNDO='no'
ID='112' DATE='2019-12-12' TIME='21:41:55' CMD='added web domain django1.com' UNDO='no'
ID='113' DATE='2019-12-12' TIME='21:41:55' CMD='added dns domain django1.com' UNDO='no'
ID='114' DATE='2019-12-12' TIME='21:41:56' CMD='added TXT dns record _domainkey for django1.com' UNDO='no'
ID='115' DATE='2019-12-12' TIME='21:41:56' CMD='added TXT dns record mail._domainkey for django1.com' UNDO='no'
ID='116' DATE='2019-12-12' TIME='21:41:56' CMD='added mail domain django1.com' UNDO='no'
ID='117' DATE='2019-12-12' TIME='21:55:43' CMD='deleting backend support for django1.com' UNDO='no'
ID='118' DATE='2019-12-12' TIME='21:55:43' CMD='deleted web domain django1.com' UNDO='no'
ID='119' DATE='2019-12-12' TIME='21:55:43' CMD='deleted dns domain django1.com' UNDO='no'
ID='120' DATE='2019-12-12' TIME='21:55:43' CMD='deleted mail domain django1.com' UNDO='no'
ID='121' DATE='2019-12-13' TIME='20:04:45' CMD='deleting backend support for wordpress.demo.com' UNDO='no'
ID='122' DATE='2019-12-13' TIME='20:04:45' CMD='deleted web domain wordpress.demo.com' UNDO='no'
ID='123' DATE='2019-12-13' TIME='20:04:45' CMD='deleted dns domain wordpress.demo.com' UNDO='no'
ID='124' DATE='2019-12-13' TIME='20:04:46' CMD='deleted mail domain wordpress.demo.com' UNDO='no'
ID='125' DATE='2019-12-13' TIME='20:05:57' CMD='added php-fpm backend configuration for dfsfsdf.com' UNDO='no'
ID='126' DATE='2019-12-13' TIME='20:05:57' CMD='added web domain dfsfsdf.com' UNDO='no'
ID='127' DATE='2019-12-13' TIME='20:05:57' CMD='added dns domain dfsfsdf.com' UNDO='no'
ID='128' DATE='2019-12-13' TIME='20:05:58' CMD='added TXT dns record _domainkey for dfsfsdf.com' UNDO='no'
ID='129' DATE='2019-12-13' TIME='20:05:58' CMD='added TXT dns record mail._domainkey for dfsfsdf.com' UNDO='no'
ID='130' DATE='2019-12-13' TIME='20:05:57' CMD='added mail domain dfsfsdf.com' UNDO='no'
ID='131' DATE='2019-12-13' TIME='20:07:05' CMD='deleting backend support for dfsfsdf.com' UNDO='no'
ID='132' DATE='2019-12-13' TIME='20:07:06' CMD='deleted web domain dfsfsdf.com' UNDO='no'
ID='133' DATE='2019-12-13' TIME='20:07:06' CMD='deleted dns domain dfsfsdf.com' UNDO='no'
ID='134' DATE='2019-12-13' TIME='20:07:06' CMD='deleted mail domain dfsfsdf.com' UNDO='no'
ID='135' DATE='2019-12-13' TIME='20:09:56' CMD='deleting backend support for testfwscore.vn' UNDO='no'
ID='136' DATE='2019-12-13' TIME='20:09:56' CMD='deleted web domain testfwscore.vn' UNDO='no'
ID='137' DATE='2019-12-13' TIME='20:09:56' CMD='deleted dns domain testfwscore.vn' UNDO='no'
ID='138' DATE='2019-12-13' TIME='20:09:56' CMD='deleted mail domain testfwscore.vn' UNDO='no'
ID='139' DATE='2019-12-13' TIME='20:10:10' CMD='added php-fpm backend configuration for domainthuhai.vn' UNDO='no'
ID='140' DATE='2019-12-13' TIME='20:10:10' CMD='added web domain domainthuhai.vn' UNDO='no'
ID='141' DATE='2019-12-13' TIME='20:10:10' CMD='added dns domain domainthuhai.vn' UNDO='no'
ID='142' DATE='2019-12-13' TIME='20:10:10' CMD='added TXT dns record _domainkey for domainthuhai.vn' UNDO='no'
ID='143' DATE='2019-12-13' TIME='20:10:11' CMD='added TXT dns record mail._domainkey for domainthuhai.vn' UNDO='no'
ID='144' DATE='2019-12-13' TIME='20:10:10' CMD='added mail domain domainthuhai.vn' UNDO='no'
ID='145' DATE='2019-12-13' TIME='20:10:18' CMD='deleting backend support for domainthuhai.vn' UNDO='no'
ID='146' DATE='2019-12-13' TIME='20:10:18' CMD='deleted web domain domainthuhai.vn' UNDO='no'
ID='147' DATE='2019-12-13' TIME='20:10:18' CMD='deleted dns domain domainthuhai.vn' UNDO='no'
ID='148' DATE='2019-12-13' TIME='20:10:18' CMD='deleted mail domain domainthuhai.vn' UNDO='no'
ID='149' DATE='2019-12-13' TIME='20:11:11' CMD='added php-fpm backend configuration for django1.com' UNDO='no'
ID='150' DATE='2019-12-13' TIME='20:11:11' CMD='added web domain django1.com' UNDO='no'
ID='151' DATE='2019-12-13' TIME='20:11:11' CMD='added dns domain django1.com' UNDO='no'
ID='152' DATE='2019-12-13' TIME='20:11:12' CMD='added TXT dns record _domainkey for django1.com' UNDO='no'
ID='153' DATE='2019-12-13' TIME='20:11:12' CMD='added TXT dns record mail._domainkey for django1.com' UNDO='no'
ID='154' DATE='2019-12-13' TIME='20:11:12' CMD='added mail domain django1.com' UNDO='no'
ID='155' DATE='2019-12-13' TIME='20:11:29' CMD='deleting backend support for django1.com' UNDO='no'
ID='156' DATE='2019-12-13' TIME='20:11:29' CMD='deleted web domain django1.com' UNDO='no'
ID='157' DATE='2019-12-13' TIME='20:11:29' CMD='deleted dns domain django1.com' UNDO='no'
ID='158' DATE='2019-12-13' TIME='20:11:29' CMD='deleted mail domain django1.com' UNDO='no'
ID='159' DATE='2019-12-13' TIME='20:12:42' CMD='added php-fpm backend configuration for django1.com' UNDO='no'
ID='160' DATE='2019-12-13' TIME='20:12:42' CMD='added web domain django1.com' UNDO='no'
ID='161' DATE='2019-12-13' TIME='20:12:42' CMD='added dns domain django1.com' UNDO='no'
ID='162' DATE='2019-12-13' TIME='20:12:43' CMD='added TXT dns record _domainkey for django1.com' UNDO='no'
ID='163' DATE='2019-12-13' TIME='20:12:43' CMD='added TXT dns record mail._domainkey for django1.com' UNDO='no'
ID='164' DATE='2019-12-13' TIME='20:12:43' CMD='added mail domain django1.com' UNDO='no'
ID='165' DATE='2019-12-13' TIME='20:13:31' CMD='changed web domain template for django1.com to django-docker' UNDO=''
ID='166' DATE='2019-12-13' TIME='20:13:31' CMD='added www.django1.com,www.django2.com for django1.com' UNDO='no'
ID='167' DATE='2019-12-13' TIME='20:13:31' CMD='added dns domain django2.com' UNDO='no'
ID='168' DATE='2019-12-13' TIME='20:14:27' CMD='added www.django1.com,www.django2.com,www.django3.com for django1.com' UNDO='no'
ID='169' DATE='2019-12-13' TIME='20:14:27' CMD='added dns domain django3.com' UNDO='no'
ID='170' DATE='2019-12-13' TIME='20:14:39' CMD='added www.django1.com,www.django2.com,www.django3.com,www.django4.com for django1.com' UNDO='no'
ID='171' DATE='2019-12-13' TIME='20:14:39' CMD='added dns domain django4.com' UNDO='no'
ID='172' DATE='2019-12-14' TIME='23:22:12' CMD='added php-fpm backend configuration for testfwscore.vn' UNDO='no'
ID='173' DATE='2019-12-14' TIME='23:22:12' CMD='added web domain testfwscore.vn' UNDO='no'
ID='174' DATE='2019-12-14' TIME='23:22:12' CMD='added dns domain testfwscore.vn' UNDO='no'
ID='175' DATE='2019-12-14' TIME='23:22:13' CMD='added TXT dns record _domainkey for testfwscore.vn' UNDO='no'
ID='176' DATE='2019-12-14' TIME='23:22:13' CMD='added TXT dns record mail._domainkey for testfwscore.vn' UNDO='no'
ID='177' DATE='2019-12-14' TIME='23:22:13' CMD='added mail domain testfwscore.vn' UNDO='no'
