================================
admin
--------------------------------

-- SYSTEM --
2019-12-04 05:10:01 admin.conf
2019-12-04 05:10:01 stats.log
2019-12-04 05:10:02 history.log
2019-12-04 05:10:02 pam


-- WEB --
2019-12-04 05:10:02 admin.example.com
2019-12-04 05:10:02 domainthuhai.vn
2019-12-04 05:10:02 *** 2 domains ***

-- DNS --
2019-12-04 05:10:02 admin.example.com
2019-12-04 05:10:02 domainthuhai.vn
2019-12-04 05:10:02 *** 2 domains ***

-- MAIL --
2019-12-04 05:10:02 admin.example.com
2019-12-04 05:10:02 domainthuhai.vn
2019-12-04 05:10:02 *** 2 domains ***

-- DB --
2019-12-04 05:10:02 admin_default (mysql)
2019-12-04 05:10:02 admin_admin_Test (mysql)
2019-12-04 05:10:02 *** 2 databases ***

-- CRON --
2019-12-04 05:10:02 *** 8 jobs ***

-- User Dir --
2019-12-04 05:10:02 adding .bash_logout
2019-12-04 05:10:02 adding .bashrc
2019-12-04 05:10:02 adding .profile
2019-12-04 05:10:02 adding .softaculous
2019-12-04 05:10:02 adding .sudo_as_admin_successful
2019-12-04 05:10:02 adding tmp
2019-12-04 05:10:02 *** 6 directories ***

-- SUMMARY --
2019-12-04 05:10:02 Rotated: 2019-12-01_05-10-02
2019-12-04 05:10:02 Local: /backup/admin.2019-12-04_05-10-02.tar
2019-12-04 05:10:02 Size: 1 MB
2019-12-04 05:10:02 Runtime: 1 minute

--------------------------------


================================
admin
--------------------------------

-- SYSTEM --
2019-12-05 05:10:01 admin.conf
2019-12-05 05:10:01 stats.log
2019-12-05 05:10:01 history.log
2019-12-05 05:10:01 pam


-- WEB --
2019-12-05 05:10:01 admin.example.com
2019-12-05 05:10:01 domainthuhai.vn
2019-12-05 05:10:01 django.com
2019-12-05 05:10:02 *** 3 domains ***

-- DNS --
2019-12-05 05:10:02 admin.example.com
2019-12-05 05:10:02 domainthuhai.vn
2019-12-05 05:10:02 django.com
2019-12-05 05:10:02 *** 3 domains ***

-- MAIL --
2019-12-05 05:10:02 admin.example.com
2019-12-05 05:10:02 domainthuhai.vn
2019-12-05 05:10:02 django.com
2019-12-05 05:10:02 *** 3 domains ***

-- DB --
2019-12-05 05:10:02 admin_default (mysql)
2019-12-05 05:10:02 admin_admin_Test (mysql)
2019-12-05 05:10:02 *** 2 databases ***

-- CRON --
2019-12-05 05:10:02 *** 8 jobs ***

-- User Dir --
2019-12-05 05:10:02 adding .bash_logout
2019-12-05 05:10:02 adding .bashrc
2019-12-05 05:10:02 adding .profile
2019-12-05 05:10:02 adding .softaculous
2019-12-05 05:10:02 adding .sudo_as_admin_successful
2019-12-05 05:10:02 adding tmp
2019-12-05 05:10:02 *** 6 directories ***

-- SUMMARY --
2019-12-05 05:10:02 Rotated: 2019-12-02_05-10-05
2019-12-05 05:10:02 Local: /backup/admin.2019-12-05_05-10-02.tar
2019-12-05 05:10:02 Size: 1 MB
2019-12-05 05:10:02 Runtime: 1 minute

--------------------------------


================================
admin
--------------------------------

-- SYSTEM --
2019-12-06 05:10:01 admin.conf
2019-12-06 05:10:01 stats.log
2019-12-06 05:10:01 history.log
2019-12-06 05:10:01 pam


-- WEB --
2019-12-06 05:10:01 admin.example.com
2019-12-06 05:10:01 domainthuhai.vn
2019-12-06 05:10:01 django.com
2019-12-06 05:10:01 *** 3 domains ***

-- DNS --
2019-12-06 05:10:01 admin.example.com
2019-12-06 05:10:01 domainthuhai.vn
2019-12-06 05:10:01 django.com
2019-12-06 05:10:01 *** 3 domains ***

-- MAIL --
2019-12-06 05:10:01 admin.example.com
2019-12-06 05:10:01 domainthuhai.vn
2019-12-06 05:10:01 django.com
2019-12-06 05:10:02 *** 3 domains ***

-- DB --
2019-12-06 05:10:02 admin_default (mysql)
2019-12-06 05:10:02 admin_admin_Test (mysql)
2019-12-06 05:10:02 *** 2 databases ***

-- CRON --
2019-12-06 05:10:02 *** 8 jobs ***

-- User Dir --
2019-12-06 05:10:02 adding .bash_logout
2019-12-06 05:10:02 adding .bashrc
2019-12-06 05:10:02 adding .profile
2019-12-06 05:10:02 adding .softaculous
2019-12-06 05:10:02 adding .sudo_as_admin_successful
2019-12-06 05:10:02 adding tmp
2019-12-06 05:10:02 *** 6 directories ***

-- SUMMARY --
2019-12-06 05:10:02 Rotated: 2019-12-03_05-10-05
2019-12-06 05:10:02 Local: /backup/admin.2019-12-06_05-10-02.tar
2019-12-06 05:10:02 Size: 1 MB
2019-12-06 05:10:02 Runtime: 1 minute

--------------------------------


================================
admin
--------------------------------

-- SYSTEM --
2019-12-07 05:10:01 admin.conf
2019-12-07 05:10:01 stats.log
2019-12-07 05:10:01 history.log
2019-12-07 05:10:01 pam


-- WEB --
2019-12-07 05:10:01 admin.example.com
2019-12-07 05:10:01 domainthuhai.vn
2019-12-07 05:10:01 django.com
2019-12-07 05:10:01 *** 3 domains ***

-- DNS --
2019-12-07 05:10:01 admin.example.com
2019-12-07 05:10:01 domainthuhai.vn
2019-12-07 05:10:01 django.com
2019-12-07 05:10:01 *** 3 domains ***

-- MAIL --
2019-12-07 05:10:01 admin.example.com
2019-12-07 05:10:01 domainthuhai.vn
2019-12-07 05:10:01 django.com
2019-12-07 05:10:01 *** 3 domains ***

-- DB --
2019-12-07 05:10:01 admin_default (mysql)
2019-12-07 05:10:01 admin_admin_Test (mysql)
2019-12-07 05:10:02 *** 2 databases ***

-- CRON --
2019-12-07 05:10:02 *** 8 jobs ***

-- User Dir --
2019-12-07 05:10:02 adding .bash_logout
2019-12-07 05:10:02 adding .bashrc
2019-12-07 05:10:02 adding .profile
2019-12-07 05:10:02 adding .softaculous
2019-12-07 05:10:02 adding .sudo_as_admin_successful
2019-12-07 05:10:02 adding tmp
2019-12-07 05:10:02 *** 6 directories ***

-- SUMMARY --
2019-12-07 05:10:02 Rotated: 2019-12-04_05-10-02
2019-12-07 05:10:02 Local: /backup/admin.2019-12-07_05-10-02.tar
2019-12-07 05:10:02 Size: 1 MB
2019-12-07 05:10:02 Runtime: 1 minute

--------------------------------


================================
admin
--------------------------------

-- SYSTEM --
2019-12-08 05:10:01 admin.conf
2019-12-08 05:10:01 stats.log
2019-12-08 05:10:01 history.log
2019-12-08 05:10:01 pam


-- WEB --
2019-12-08 05:10:01 admin.example.com
2019-12-08 05:10:01 domainthuhai.vn
2019-12-08 05:10:01 django.com
2019-12-08 05:10:01 *** 3 domains ***

-- DNS --
2019-12-08 05:10:01 admin.example.com
2019-12-08 05:10:01 domainthuhai.vn
2019-12-08 05:10:01 django.com
2019-12-08 05:10:01 *** 3 domains ***

-- MAIL --
2019-12-08 05:10:01 admin.example.com
2019-12-08 05:10:01 domainthuhai.vn
2019-12-08 05:10:01 django.com
2019-12-08 05:10:01 *** 3 domains ***

-- DB --
2019-12-08 05:10:02 admin_default (mysql)
2019-12-08 05:10:02 admin_admin_Test (mysql)
2019-12-08 05:10:02 *** 2 databases ***

-- CRON --
2019-12-08 05:10:02 *** 8 jobs ***

-- User Dir --
2019-12-08 05:10:02 adding .bash_logout
2019-12-08 05:10:02 adding .bashrc
2019-12-08 05:10:02 adding .profile
2019-12-08 05:10:02 adding .softaculous
2019-12-08 05:10:02 adding .sudo_as_admin_successful
2019-12-08 05:10:02 adding tmp
2019-12-08 05:10:02 *** 6 directories ***

-- SUMMARY --
2019-12-08 05:10:02 Rotated: 2019-12-05_05-10-02
2019-12-08 05:10:02 Local: /backup/admin.2019-12-08_05-10-02.tar
2019-12-08 05:10:02 Size: 1 MB
2019-12-08 05:10:02 Runtime: 1 minute

--------------------------------


================================
admin
--------------------------------

-- SYSTEM --
2019-12-09 05:10:01 admin.conf
2019-12-09 05:10:01 stats.log
2019-12-09 05:10:01 history.log
2019-12-09 05:10:01 pam


-- WEB --
2019-12-09 05:10:01 admin.example.com
2019-12-09 05:10:01 domainthuhai.vn
2019-12-09 05:10:01 django.com
2019-12-09 05:10:01 *** 3 domains ***

-- DNS --
2019-12-09 05:10:01 admin.example.com
2019-12-09 05:10:01 domainthuhai.vn
2019-12-09 05:10:01 django.com
2019-12-09 05:10:01 *** 3 domains ***

-- MAIL --
2019-12-09 05:10:01 admin.example.com
2019-12-09 05:10:01 domainthuhai.vn
2019-12-09 05:10:01 django.com
2019-12-09 05:10:01 *** 3 domains ***

-- DB --
2019-12-09 05:10:01 admin_default (mysql)
2019-12-09 05:10:02 admin_admin_Test (mysql)
2019-12-09 05:10:02 *** 2 databases ***

-- CRON --
2019-12-09 05:10:02 *** 8 jobs ***

-- User Dir --
2019-12-09 05:10:02 adding .bash_logout
2019-12-09 05:10:02 adding .bashrc
2019-12-09 05:10:02 adding .profile
2019-12-09 05:10:02 adding .softaculous
2019-12-09 05:10:02 adding .sudo_as_admin_successful
2019-12-09 05:10:02 adding tmp
2019-12-09 05:10:02 *** 6 directories ***

-- SUMMARY --
2019-12-09 05:10:02 Rotated: 2019-12-06_05-10-02
2019-12-09 05:10:02 Local: /backup/admin.2019-12-09_05-10-02.tar
2019-12-09 05:10:02 Size: 1 MB
2019-12-09 05:10:02 Runtime: 1 minute

--------------------------------


================================
admin
--------------------------------

-- SYSTEM --
2019-12-10 05:10:01 admin.conf
2019-12-10 05:10:01 stats.log
2019-12-10 05:10:01 history.log
2019-12-10 05:10:01 pam


-- WEB --
2019-12-10 05:10:01 admin.example.com
2019-12-10 05:10:01 domainthuhai.vn
2019-12-10 05:10:01 django.com
2019-12-10 05:10:01 django1.com
2019-12-10 05:10:01 *** 4 domains ***

-- DNS --
2019-12-10 05:10:01 admin.example.com
2019-12-10 05:10:01 domainthuhai.vn
2019-12-10 05:10:01 django.com
2019-12-10 05:10:01 django1.com
2019-12-10 05:10:01 *** 4 domains ***

-- MAIL --
2019-12-10 05:10:01 admin.example.com
2019-12-10 05:10:01 domainthuhai.vn
2019-12-10 05:10:01 django.com
2019-12-10 05:10:01 django1.com
2019-12-10 05:10:01 *** 4 domains ***

-- DB --
2019-12-10 05:10:01 admin_default (mysql)
2019-12-10 05:10:01 admin_admin_Test (mysql)
2019-12-10 05:10:02 *** 2 databases ***

-- CRON --
2019-12-10 05:10:02 *** 8 jobs ***

-- User Dir --
2019-12-10 05:10:02 adding .bash_logout
2019-12-10 05:10:02 adding .bashrc
2019-12-10 05:10:02 adding .profile
2019-12-10 05:10:02 adding .softaculous
2019-12-10 05:10:02 adding .sudo_as_admin_successful
2019-12-10 05:10:02 adding tmp
2019-12-10 05:10:02 *** 6 directories ***

-- SUMMARY --
2019-12-10 05:10:02 Rotated: 2019-12-07_05-10-02
2019-12-10 05:10:02 Local: /backup/admin.2019-12-10_05-10-02.tar
2019-12-10 05:10:02 Size: 1 MB
2019-12-10 05:10:02 Runtime: 1 minute

--------------------------------


================================
admin
--------------------------------

-- SYSTEM --
2019-12-11 05:10:01 admin.conf
2019-12-11 05:10:01 stats.log
2019-12-11 05:10:01 history.log
2019-12-11 05:10:01 pam


-- WEB --
2019-12-11 05:10:01 admin.example.com
2019-12-11 05:10:01 domainthuhai.vn
2019-12-11 05:10:01 django.com
2019-12-11 05:10:01 django1.com
2019-12-11 05:10:01 *** 4 domains ***

-- DNS --
2019-12-11 05:10:01 admin.example.com
2019-12-11 05:10:01 domainthuhai.vn
2019-12-11 05:10:01 django.com
2019-12-11 05:10:01 django1.com
2019-12-11 05:10:01 *** 4 domains ***

-- MAIL --
2019-12-11 05:10:01 admin.example.com
2019-12-11 05:10:01 domainthuhai.vn
2019-12-11 05:10:01 django.com
2019-12-11 05:10:01 django1.com
2019-12-11 05:10:01 *** 4 domains ***

-- DB --
2019-12-11 05:10:01 admin_default (mysql)
2019-12-11 05:10:02 admin_admin_Test (mysql)
2019-12-11 05:10:02 *** 2 databases ***

-- CRON --
2019-12-11 05:10:02 *** 8 jobs ***

-- User Dir --
2019-12-11 05:10:02 adding .bash_logout
2019-12-11 05:10:02 adding .bashrc
2019-12-11 05:10:02 adding .profile
2019-12-11 05:10:02 adding .softaculous
2019-12-11 05:10:02 adding .sudo_as_admin_successful
2019-12-11 05:10:02 adding tmp
2019-12-11 05:10:02 *** 6 directories ***

-- SUMMARY --
2019-12-11 05:10:02 Rotated: 2019-12-08_05-10-02
2019-12-11 05:10:02 Local: /backup/admin.2019-12-11_05-10-02.tar
2019-12-11 05:10:02 Size: 1 MB
2019-12-11 05:10:02 Runtime: 1 minute

--------------------------------


================================
admin
--------------------------------

-- SYSTEM --
2019-12-12 05:10:01 admin.conf
2019-12-12 05:10:01 stats.log
2019-12-12 05:10:01 history.log
2019-12-12 05:10:01 pam


-- WEB --
2019-12-12 05:10:01 admin.example.com
2019-12-12 05:10:01 domainthuhai.vn
2019-12-12 05:10:01 django.com
2019-12-12 05:10:01 django1.com
2019-12-12 05:10:01 *** 4 domains ***

-- DNS --
2019-12-12 05:10:01 admin.example.com
2019-12-12 05:10:01 domainthuhai.vn
2019-12-12 05:10:01 django.com
2019-12-12 05:10:01 django1.com
2019-12-12 05:10:01 *** 4 domains ***

-- MAIL --
2019-12-12 05:10:01 admin.example.com
2019-12-12 05:10:01 domainthuhai.vn
2019-12-12 05:10:01 django.com
2019-12-12 05:10:01 django1.com
2019-12-12 05:10:02 *** 4 domains ***

-- DB --
2019-12-12 05:10:02 admin_default (mysql)
2019-12-12 05:10:02 admin_admin_Test (mysql)
2019-12-12 05:10:02 *** 2 databases ***

-- CRON --
2019-12-12 05:10:02 *** 8 jobs ***

-- User Dir --
2019-12-12 05:10:02 adding .bash_logout
2019-12-12 05:10:02 adding .bashrc
2019-12-12 05:10:02 adding .profile
2019-12-12 05:10:02 adding .softaculous
2019-12-12 05:10:02 adding .sudo_as_admin_successful
2019-12-12 05:10:02 adding tmp
2019-12-12 05:10:02 *** 6 directories ***

-- SUMMARY --
2019-12-12 05:10:02 Rotated: 2019-12-09_05-10-02
2019-12-12 05:10:02 Local: /backup/admin.2019-12-12_05-10-02.tar
2019-12-12 05:10:02 Size: 1 MB
2019-12-12 05:10:02 Runtime: 1 minute

--------------------------------


================================
admin
--------------------------------

-- SYSTEM --
2019-12-13 05:10:01 admin.conf
2019-12-13 05:10:01 stats.log
2019-12-13 05:10:01 history.log
2019-12-13 05:10:01 pam


-- WEB --
2019-12-13 05:10:01 wordpress.demo.com
2019-12-13 05:10:01 testfwscore.vn
2019-12-13 05:10:01 *** 2 domains ***

-- DNS --
2019-12-13 05:10:01 wordpress.demo.com
2019-12-13 05:10:01 testfwscore.vn
2019-12-13 05:10:01 *** 2 domains ***

-- MAIL --
2019-12-13 05:10:01 wordpress.demo.com
2019-12-13 05:10:01 testfwscore.vn
2019-12-13 05:10:02 *** 2 domains ***

-- DB --
2019-12-13 05:10:02 admin_default (mysql)
2019-12-13 05:10:02 admin_admin_Test (mysql)
2019-12-13 05:10:02 admin_wordpress (mysql)
2019-12-13 05:10:02 *** 3 databases ***

-- CRON --
2019-12-13 05:10:02 *** 8 jobs ***

-- User Dir --
2019-12-13 05:10:02 adding .bash_logout
2019-12-13 05:10:02 adding .bashrc
2019-12-13 05:10:02 adding .cache
2019-12-13 05:10:02 adding .gnupg
2019-12-13 05:10:02 adding .profile
2019-12-13 05:10:02 adding .softaculous
2019-12-13 05:10:02 adding .sudo_as_admin_successful
2019-12-13 05:10:02 adding tmp
2019-12-13 05:10:02 *** 8 directories ***

-- SUMMARY --
2019-12-13 05:10:02 Rotated: 2019-12-10_05-10-02
2019-12-13 05:10:02 Local: /backup/admin.2019-12-13_05-10-02.tar
2019-12-13 05:10:02 Size: 1 MB
2019-12-13 05:10:02 Runtime: 1 minute

--------------------------------


================================
admin
--------------------------------

-- SYSTEM --
2019-12-14 05:10:01 admin.conf
2019-12-14 05:10:01 stats.log
2019-12-14 05:10:01 history.log
2019-12-14 05:10:02 pam


-- WEB --
2019-12-14 05:10:02 django1.com
2019-12-14 05:10:02 *** 1 domain ***

-- DNS --
2019-12-14 05:10:02 django1.com
2019-12-14 05:10:02 django2.com
2019-12-14 05:10:02 django3.com
2019-12-14 05:10:02 django4.com
2019-12-14 05:10:02 *** 4 domains ***

-- MAIL --
2019-12-14 05:10:02 django1.com
2019-12-14 05:10:03 *** 1 domain ***

-- DB --
2019-12-14 05:10:03 admin_default (mysql)
2019-12-14 05:10:03 admin_admin_Test (mysql)
2019-12-14 05:10:03 admin_wordpress (mysql)
2019-12-14 05:10:03 *** 3 databases ***

-- CRON --
2019-12-14 05:10:03 *** 8 jobs ***

-- User Dir --
2019-12-14 05:10:03 adding .bash_logout
2019-12-14 05:10:04 adding .bashrc
2019-12-14 05:10:04 adding .cache
2019-12-14 05:10:04 adding .gnupg
2019-12-14 05:10:04 adding .profile
2019-12-14 05:10:04 adding .softaculous
2019-12-14 05:10:04 adding .sudo_as_admin_successful
2019-12-14 05:10:04 adding tmp
2019-12-14 05:10:04 *** 8 directories ***

-- SUMMARY --
2019-12-14 05:10:04 Rotated: 2019-12-11_05-10-02
2019-12-14 05:10:04 Local: /backup/admin.2019-12-14_05-10-04.tar
2019-12-14 05:10:04 Size: 1 MB
2019-12-14 05:10:04 Runtime: 1 minute

--------------------------------


================================
admin
--------------------------------

-- SYSTEM --
2019-12-15 05:10:01 admin.conf
2019-12-15 05:10:01 stats.log
2019-12-15 05:10:01 history.log
2019-12-15 05:10:01 pam


-- WEB --
2019-12-15 05:10:01 django1.com
2019-12-15 05:10:02 testfwscore.vn
2019-12-15 05:10:02 *** 2 domains ***

-- DNS --
2019-12-15 05:10:02 django1.com
2019-12-15 05:10:02 django2.com
2019-12-15 05:10:02 django3.com
2019-12-15 05:10:02 django4.com
2019-12-15 05:10:02 testfwscore.vn
2019-12-15 05:10:02 *** 5 domains ***

-- MAIL --
2019-12-15 05:10:02 django1.com
2019-12-15 05:10:02 testfwscore.vn
2019-12-15 05:10:02 *** 2 domains ***

-- DB --
2019-12-15 05:10:02 admin_default (mysql)
2019-12-15 05:10:02 admin_admin_Test (mysql)
2019-12-15 05:10:02 admin_wordpress (mysql)
2019-12-15 05:10:02 *** 3 databases ***

-- CRON --
2019-12-15 05:10:02 *** 8 jobs ***

-- User Dir --
2019-12-15 05:10:02 adding .bash_logout
2019-12-15 05:10:02 adding .bashrc
2019-12-15 05:10:02 adding .cache
2019-12-15 05:10:02 adding .gnupg
2019-12-15 05:10:02 adding .profile
2019-12-15 05:10:02 adding .softaculous
2019-12-15 05:10:03 adding .sudo_as_admin_successful
2019-12-15 05:10:03 adding tmp
2019-12-15 05:10:03 *** 8 directories ***

-- SUMMARY --
2019-12-15 05:10:03 Rotated: 2019-12-12_05-10-02
2019-12-15 05:10:03 Local: /backup/admin.2019-12-15_05-10-03.tar
2019-12-15 05:10:03 Size: 1 MB
2019-12-15 05:10:03 Runtime: 1 minute

--------------------------------


